#
# There is insufficient memory for the Java Runtime Environment to continue.
# Native memory allocation (malloc) failed to allocate 1048576 bytes. Error detail: AllocateHeap
# Possible reasons:
#   The system is out of physical RAM or swap space
#   This process is running with CompressedOops enabled, and the Java Heap may be blocking the growth of the native heap
# Possible solutions:
#   Reduce memory load on the system
#   Increase physical memory or swap space
#   Check if swap backing store is full
#   Decrease Java heap size (-Xmx/-Xms)
#   Decrease number of Java threads
#   Decrease Java thread stack sizes (-Xss)
#   Set larger code cache with -XX:ReservedCodeCacheSize=
#   JVM is running with Unscaled Compressed Oops mode in which the Java heap is
#     placed in the first 4GB address space. The Java Heap base address is the
#     maximum limit for the native heap growth. Please use -XX:HeapBaseMinAddress
#     to set the Java Heap base and to place the Java Heap above 4GB virtual address.
# This output file may be truncated or incomplete.
#
#  Out of Memory Error (allocation.cpp:44), pid=12020, tid=19516
#
# JRE version: OpenJDK Runtime Environment Temurin-21.0.8+9 (21.0.8+9) (build 21.0.8+9-LTS)
# Java VM: OpenJDK 64-Bit Server VM Temurin-21.0.8+9 (21.0.8+9-LTS, mixed mode, sharing, tiered, compressed oops, compressed class ptrs, parallel gc, windows-amd64)
# No core dump will be written. Minidumps are not enabled by default on client versions of Windows
#

---------------  S U M M A R Y ------------

Command Line: --add-modules=ALL-SYSTEM --add-opens=java.base/java.util=ALL-UNNAMED --add-opens=java.base/java.lang=ALL-UNNAMED --add-opens=java.base/sun.nio.fs=ALL-UNNAMED -Declipse.application=org.eclipse.jdt.ls.core.id1 -Dosgi.bundles.defaultStartLevel=4 -Declipse.product=org.eclipse.jdt.ls.core.product -Djava.import.generatesMetadataFilesAtProjectRoot=false -DDetectVMInstallationsJob.disabled=true -Dfile.encoding=utf8 -XX:+UseParallelGC -XX:GCTimeRatio=4 -XX:AdaptiveSizePolicyWeight=90 -Dsun.zip.disableMemoryMapping=true -Xmx2G -Xms100m -Xlog:disable -javaagent:c:\Users\Admin\.vscode\extensions\redhat.java-1.44.0-win32-x64\lombok\lombok-1.18.39-4050.jar -XX:+HeapDumpOnOutOfMemoryError -XX:HeapDumpPath=c:\Users\Admin\AppData\Roaming\Code\User\workspaceStorage\2a9bd6179ab8c5fddaa8ae2493f73e8a\redhat.java -Daether.dependencyCollector.impl=bf c:\Users\Admin\.vscode\extensions\redhat.java-1.44.0-win32-x64\server\plugins\org.eclipse.equinox.launcher_1.7.0.v20250519-0528.jar -configuration c:\Users\Admin\AppData\Roaming\Code\User\globalStorage\redhat.java\1.44.0\config_win -data c:\Users\Admin\AppData\Roaming\Code\User\workspaceStorage\2a9bd6179ab8c5fddaa8ae2493f73e8a\redhat.java\jdt_ws --pipe=\\.\pipe\lsp-44d953f4e42344d72e224df321d871fd-sock

Host: Intel(R) Core(TM) i5-8250U CPU @ 1.60GHz, 8 cores, 15G,  Windows 11 , 64 bit Build 26100 (10.0.26100.4768)
Time: Tue Sep  9 17:29:54 2025 India Standard Time elapsed time: 399768.881777 seconds (4d 15h 2m 48s)

---------------  T H R E A D  ---------------

Current thread (0x00000150392c62a0):  JavaThread "Attach Listener" daemon [_thread_in_vm, id=19516, stack(0x000000486e100000,0x000000486e200000) (1024K)]

Stack: [0x000000486e100000,0x000000486e200000]
Native frames: (J=compiled Java code, j=interpreted, Vv=VM code, C=native code)
V  [jvm.dll+0x6d2449]
V  [jvm.dll+0x8ae341]
V  [jvm.dll+0x8b08be]
V  [jvm.dll+0x8b0fa3]
V  [jvm.dll+0x280c96]
V  [jvm.dll+0xc0347]
V  [jvm.dll+0x6d2cf9]
V  [jvm.dll+0x131116]
V  [jvm.dll+0x3f2d16]
V  [jvm.dll+0x857e6b]
V  [jvm.dll+0x6d0b0d]
C  [ucrtbase.dll+0x37b0]
C  [KERNEL32.DLL+0x2e8d7]
C  [ntdll.dll+0x3c34c]


---------------  P R O C E S S  ---------------

Threads class SMR info:
_java_thread_list=0x0000015008b8c0a0, length=35, elements={
0x000001502285e6f0, 0x00000150392bf6e0, 0x00000150392c2a60, 0x00000150392c55b0,
0x00000150392c62a0, 0x00000150392ca3f0, 0x00000150392cae40, 0x00000150392cdc80,
0x00000150392d13b0, 0x00000150228ccc40, 0x000001500428f3c0, 0x0000015004a04340,
0x0000015004b872a0, 0x0000015004588670, 0x0000015004894bf0, 0x000001500541b150,
0x000001500541b7e0, 0x000001500541cb90, 0x000001500541d220, 0x0000015005530cd0,
0x00000150055319f0, 0x0000015005532710, 0x0000015005533ac0, 0x0000015005532da0,
0x0000015005533430, 0x0000015005530640, 0x0000015006deee60, 0x0000015006df0f30,
0x0000015006df15c0, 0x0000015006def4f0, 0x0000015006dee7d0, 0x0000015006defb80,
0x00000150051c0080, 0x00000150051bf9f0, 0x0000015005429b20
}

Java Threads: ( => current thread )
  0x000001502285e6f0 JavaThread "main"                              [_thread_blocked, id=11752, stack(0x000000486da00000,0x000000486db00000) (1024K)]
  0x00000150392bf6e0 JavaThread "Reference Handler"          daemon [_thread_blocked, id=12648, stack(0x000000486de00000,0x000000486df00000) (1024K)]
  0x00000150392c2a60 JavaThread "Finalizer"                  daemon [_thread_blocked, id=29328, stack(0x000000486df00000,0x000000486e000000) (1024K)]
  0x00000150392c55b0 JavaThread "Signal Dispatcher"          daemon [_thread_blocked, id=30000, stack(0x000000486e000000,0x000000486e100000) (1024K)]
=>0x00000150392c62a0 JavaThread "Attach Listener"            daemon [_thread_in_vm, id=19516, stack(0x000000486e100000,0x000000486e200000) (1024K)]
  0x00000150392ca3f0 JavaThread "Service Thread"             daemon [_thread_blocked, id=28408, stack(0x000000486e200000,0x000000486e300000) (1024K)]
  0x00000150392cae40 JavaThread "Monitor Deflation Thread"   daemon [_thread_blocked, id=5336, stack(0x000000486e300000,0x000000486e400000) (1024K)]
  0x00000150392cdc80 JavaThread "C2 CompilerThread0"         daemon [_thread_blocked, id=4676, stack(0x000000486e400000,0x000000486e500000) (1024K)]
  0x00000150392d13b0 JavaThread "C1 CompilerThread0"         daemon [_thread_blocked, id=22924, stack(0x000000486e500000,0x000000486e600000) (1024K)]
  0x00000150228ccc40 JavaThread "Common-Cleaner"             daemon [_thread_blocked, id=1592, stack(0x000000486e600000,0x000000486e700000) (1024K)]
  0x000001500428f3c0 JavaThread "Notification Thread"        daemon [_thread_blocked, id=10232, stack(0x000000486e700000,0x000000486e800000) (1024K)]
  0x0000015004a04340 JavaThread "Active Thread: Equinox Container: 366d9030-ef7a-42cf-b4a7-0594923412c2"        [_thread_blocked, id=29444, stack(0x000000486e800000,0x000000486e900000) (1024K)]
  0x0000015004b872a0 JavaThread "Refresh Thread: Equinox Container: 366d9030-ef7a-42cf-b4a7-0594923412c2" daemon [_thread_blocked, id=15948, stack(0x000000486f000000,0x000000486f100000) (1024K)]
  0x0000015004588670 JavaThread "Framework Event Dispatcher: Equinox Container: 366d9030-ef7a-42cf-b4a7-0594923412c2" daemon [_thread_blocked, id=13272, stack(0x000000486f100000,0x000000486f200000) (1024K)]
  0x0000015004894bf0 JavaThread "Start Level: Equinox Container: 366d9030-ef7a-42cf-b4a7-0594923412c2" daemon [_thread_blocked, id=26156, stack(0x000000486f200000,0x000000486f300000) (1024K)]
  0x000001500541b150 JavaThread "Bundle File Closer"         daemon [_thread_blocked, id=11248, stack(0x000000486f300000,0x000000486f400000) (1024K)]
  0x000001500541b7e0 JavaThread "SCR Component Actor"        daemon [_thread_blocked, id=27144, stack(0x000000486d700000,0x000000486d800000) (1024K)]
  0x000001500541cb90 JavaThread "Worker-JM"                         [_thread_blocked, id=15728, stack(0x000000486d900000,0x000000486da00000) (1024K)]
  0x000001500541d220 JavaThread "Java indexing"              daemon [_thread_blocked, id=29380, stack(0x000000486fb00000,0x000000486fc00000) (1024K)]
  0x0000015005530cd0 JavaThread "JNA Cleaner"                daemon [_thread_blocked, id=1008, stack(0x000000486d800000,0x000000486d900000) (1024K)]
  0x00000150055319f0 JavaThread "Thread-2"                   daemon [_thread_in_native, id=24020, stack(0x0000004870200000,0x0000004870300000) (1024K)]
  0x0000015005532710 JavaThread "Thread-3"                   daemon [_thread_in_native, id=6964, stack(0x0000004870300000,0x0000004870400000) (1024K)]
  0x0000015005533ac0 JavaThread "Thread-4"                   daemon [_thread_in_native, id=20720, stack(0x0000004870400000,0x0000004870500000) (1024K)]
  0x0000015005532da0 JavaThread "Thread-5"                   daemon [_thread_in_native, id=29388, stack(0x0000004870500000,0x0000004870600000) (1024K)]
  0x0000015005533430 JavaThread "Thread-6"                   daemon [_thread_in_native, id=30220, stack(0x0000004870600000,0x0000004870700000) (1024K)]
  0x0000015005530640 JavaThread "Thread-7"                   daemon [_thread_in_native, id=16220, stack(0x0000004870700000,0x0000004870800000) (1024K)]
  0x0000015006deee60 JavaThread "Thread-8"                   daemon [_thread_in_native, id=27968, stack(0x0000004870800000,0x0000004870900000) (1024K)]
  0x0000015006df0f30 JavaThread "Thread-9"                   daemon [_thread_in_native, id=27724, stack(0x0000004870900000,0x0000004870a00000) (1024K)]
  0x0000015006df15c0 JavaThread "Thread-10"                  daemon [_thread_in_native, id=25516, stack(0x0000004870a00000,0x0000004870b00000) (1024K)]
  0x0000015006def4f0 JavaThread "pool-2-thread-1"                   [_thread_blocked, id=9032, stack(0x0000004870b00000,0x0000004870c00000) (1024K)]
  0x0000015006dee7d0 JavaThread "WorkspaceEventsHandler"            [_thread_blocked, id=8320, stack(0x0000004870d00000,0x0000004870e00000) (1024K)]
  0x0000015006defb80 JavaThread "pool-1-thread-1"                   [_thread_blocked, id=12808, stack(0x0000004870e00000,0x0000004870f00000) (1024K)]
  0x00000150051c0080 JavaThread "Cleaner-0"                  daemon [_thread_blocked, id=13132, stack(0x0000004871400000,0x0000004871500000) (1024K)]
  0x00000150051bf9f0 JavaThread "Worker-21"                         [_thread_blocked, id=31464, stack(0x000000486fc00000,0x000000486fd00000) (1024K)]
  0x0000015005429b20 JavaThread "Worker-23"                         [_thread_blocked, id=9168, stack(0x000000486f400000,0x000000486f500000) (1024K)]
Total: 35

Other Threads:
  0x00000150392a24a0 VMThread "VM Thread"                           [id=27024, stack(0x000000486dd00000,0x000000486de00000) (1024K)]
  0x00000150391dca00 WatcherThread "VM Periodic Task Thread"        [id=13636, stack(0x000000486dc00000,0x000000486dd00000) (1024K)]
  0x000001502287be20 WorkerThread "GC Thread#0"                     [id=26364, stack(0x000000486db00000,0x000000486dc00000) (1024K)]
  0x00000150048eecd0 WorkerThread "GC Thread#1"                     [id=23844, stack(0x000000486e900000,0x000000486ea00000) (1024K)]
  0x00000150048882d0 WorkerThread "GC Thread#2"                     [id=8316, stack(0x000000486ea00000,0x000000486eb00000) (1024K)]
  0x0000015004888670 WorkerThread "GC Thread#3"                     [id=24200, stack(0x000000486eb00000,0x000000486ec00000) (1024K)]
  0x0000015004888a10 WorkerThread "GC Thread#4"                     [id=29868, stack(0x000000486ec00000,0x000000486ed00000) (1024K)]
  0x0000015004888db0 WorkerThread "GC Thread#5"                     [id=31260, stack(0x000000486ed00000,0x000000486ee00000) (1024K)]
  0x0000015004889150 WorkerThread "GC Thread#6"                     [id=30076, stack(0x000000486ee00000,0x000000486ef00000) (1024K)]
  0x00000150049160b0 WorkerThread "GC Thread#7"                     [id=28928, stack(0x000000486ef00000,0x000000486f000000) (1024K)]
Total: 10

Threads with active compile tasks:
Total: 0

VM state: not at safepoint (normal execution)

VM Mutex/Monitor currently owned by a thread: None

Heap address: 0x0000000080000000, size: 2048 MB, Compressed Oops mode: 32-bit

CDS archive(s) mapped at: [0x000001503a000000-0x000001503aba0000-0x000001503aba0000), size 12189696, SharedBaseAddress: 0x000001503a000000, ArchiveRelocationMode: 1.
Compressed class space mapped at: 0x000001503b000000-0x000001507b000000, reserved size: 1073741824
Narrow klass base: 0x000001503a000000, Narrow klass shift: 0, Narrow klass range: 0x100000000

GC Precious Log:
 CardTable entry size: 512
 CPUs: 8 total, 8 available
 Memory: 16243M
 Large Page Support: Disabled
 NUMA Support: Disabled
 Compressed Oops: Enabled (32-bit)
 Alignments: Space 512K, Generation 512K, Heap 2M
 Heap Min Capacity: 100M
 Heap Initial Capacity: 100M
 Heap Max Capacity: 2G
 Pre-touch: Disabled
 Parallel Workers: 8

Heap:
 PSYoungGen      total 2560K, used 586K [0x00000000d5580000, 0x00000000d5c00000, 0x0000000100000000)
  eden space 2048K, 17% used [0x00000000d5580000,0x00000000d55da820,0x00000000d5780000)
  from space 512K, 43% used [0x00000000d5b00000,0x00000000d5b38000,0x00000000d5b80000)
  to   space 512K, 0% used [0x00000000d5b80000,0x00000000d5b80000,0x00000000d5c00000)
 ParOldGen       total 519168K, used 518711K [0x0000000080000000, 0x000000009fb00000, 0x00000000d5580000)
  object space 519168K, 99% used [0x0000000080000000,0x000000009fa8df40,0x000000009fb00000)
 Metaspace       used 86803K, committed 88256K, reserved 1179648K
  class space    used 8611K, committed 9344K, reserved 1048576K

Card table byte_map: [0x0000015022230000,0x0000015022640000] _byte_map_base: 0x0000015021e30000

Marking Bits: (ParMarkBitMap*) 0x00007ffc9e41a340
 Begin Bits: [0x0000015034d00000, 0x0000015036d00000)
 End Bits:   [0x0000015036d00000, 0x0000015038d00000)

Polling page: 0x0000015022020000

Metaspace:

Usage:
  Non-class:     76.36 MB used.
      Class:      8.41 MB used.
       Both:     84.77 MB used.

Virtual space:
  Non-class space:      128.00 MB reserved,      77.06 MB ( 60%) committed,  2 nodes.
      Class space:        1.00 GB reserved,       9.12 MB ( <1%) committed,  1 nodes.
             Both:        1.12 GB reserved,      86.19 MB (  7%) committed. 

Chunk freelists:
   Non-Class:  2.57 MB
       Class:  6.96 MB
        Both:  9.53 MB

MaxMetaspaceSize: unlimited
CompressedClassSpaceSize: 1.00 GB
Initial GC threshold: 21.00 MB
Current GC threshold: 143.12 MB
CDS: on
 - commit_granule_bytes: 65536.
 - commit_granule_words: 8192.
 - virtual_space_node_default_size: 8388608.
 - enlarge_chunks_in_place: 1.
 - use_allocation_guard: 0.


Internal statistics:

num_allocs_failed_limit: 9.
num_arena_births: 1616.
num_arena_deaths: 414.
num_vsnodes_births: 3.
num_vsnodes_deaths: 0.
num_space_committed: 1379.
num_space_uncommitted: 0.
num_chunks_returned_to_freelist: 478.
num_chunks_taken_from_freelist: 6258.
num_chunk_merges: 120.
num_chunk_splits: 3471.
num_chunks_enlarged: 1744.
num_inconsistent_stats: 0.

CodeHeap 'non-profiled nmethods': size=120000Kb used=19283Kb max_used=22185Kb free=100716Kb
 bounds [0x000001502d520000, 0x000001502ead0000, 0x0000015034a50000]
CodeHeap 'profiled nmethods': size=120000Kb used=37738Kb max_used=50219Kb free=82261Kb
 bounds [0x0000015025a50000, 0x0000015028b60000, 0x000001502cf80000]
CodeHeap 'non-nmethods': size=5760Kb used=1519Kb max_used=1641Kb free=4240Kb
 bounds [0x000001502cf80000, 0x000001502d1f0000, 0x000001502d520000]
CodeCache: size=245760Kb, used=58540Kb, max_used=74045Kb, free=187217Kb
 total_blobs=16459, nmethods=15622, adapters=740, full_count=0
Compilation: enabled, stopped_count=0, restarted_count=0

Compilation events (20 events):
Event: 240574.344 Thread 0x00000150392cdc80 23306   !   4       java.util.concurrent.ThreadPoolExecutor::getTask (177 bytes)
Event: 240574.782 Thread 0x00000150392cdc80 nmethod 23306 0x000001502e13c310 code [0x000001502e13c6e0, 0x000001502e13e2f0]
Event: 241261.246 Thread 0x00000150392cdc80 23307       4       java.util.concurrent.Executors$RunnableAdapter::call (14 bytes)
Event: 241261.249 Thread 0x00000150392cdc80 nmethod 23307 0x000001502d761690 code [0x000001502d761820, 0x000001502d7618e0]
Event: 244514.026 Thread 0x00000150392cdc80 23308       4       java.util.concurrent.ScheduledThreadPoolExecutor::triggerTime (22 bytes)
Event: 244514.036 Thread 0x00000150392cdc80 nmethod 23308 0x000001502d76ba10 code [0x000001502d76bba0, 0x000001502d76bc90]
Event: 244514.037 Thread 0x00000150392cdc80 23309   !   4       java.util.concurrent.ScheduledThreadPoolExecutor$DelayedWorkQueue::offer (123 bytes)
Event: 244514.147 Thread 0x00000150392cdc80 nmethod 23309 0x000001502d63b590 code [0x000001502d63b7c0, 0x000001502d63bd50]
Event: 244534.045 Thread 0x00000150392cdc80 23310       4       java.util.concurrent.ScheduledThreadPoolExecutor$ScheduledFutureTask::run (57 bytes)
Event: 244534.250 Thread 0x00000150392cdc80 nmethod 23310 0x000001502d60c490 code [0x000001502d60c740, 0x000001502d60d2d0]
Event: 244534.251 Thread 0x00000150392cdc80 23311   !   4       java.util.concurrent.FutureTask::runAndReset (125 bytes)
Event: 244534.274 Thread 0x00000150392cdc80 nmethod 23311 0x000001502d5d2d90 code [0x000001502d5d2f60, 0x000001502d5d3200]
Event: 335275.099 Thread 0x00000150392cdc80 23312       4       org.eclipse.jdt.ls.core.internal.ParentProcessWatcher::run (83 bytes)
Event: 335275.289 Thread 0x00000150392cdc80 nmethod 23312 0x000001502d78b490 code [0x000001502d78b620, 0x000001502d78b6f0]
Event: 338187.475 Thread 0x00000150392cdc80 23313       4       java.lang.ProcessHandleImpl::get (51 bytes)
Event: 338187.578 Thread 0x00000150392cdc80 nmethod 23313 0x000001502d582090 code [0x000001502d582240, 0x000001502d5823e0]
Event: 338191.872 Thread 0x00000150392cdc80 23314   !   4       java.lang.ref.ReferenceQueue::remove (61 bytes)
Event: 338192.399 Thread 0x00000150392cdc80 nmethod 23314 0x000001502de41f90 code [0x000001502de422c0, 0x000001502de43868]
Event: 338192.401 Thread 0x00000150392cdc80 23315       4       java.lang.ref.ReferenceQueue::remove0 (64 bytes)
Event: 338192.612 Thread 0x00000150392cdc80 nmethod 23315 0x000001502d7cbf10 code [0x000001502d7cc1e0, 0x000001502d7cd318]

GC Heap History (20 events):
Event: 102664.901 GC heap before
{Heap before GC invocations=4707 (full 6):
 PSYoungGen      total 4096K, used 3888K [0x00000000d5580000, 0x00000000d5c80000, 0x0000000100000000)
  eden space 2048K, 100% used [0x00000000d5580000,0x00000000d5780000,0x00000000d5780000)
  from space 2048K, 89% used [0x00000000d5780000,0x00000000d594c000,0x00000000d5980000)
  to   space 2560K, 0% used [0x00000000d5a00000,0x00000000d5a00000,0x00000000d5c80000)
 ParOldGen       total 512000K, used 511865K [0x0000000080000000, 0x000000009f400000, 0x00000000d5580000)
  object space 512000K, 99% used [0x0000000080000000,0x000000009f3de670,0x000000009f400000)
 Metaspace       used 86801K, committed 88256K, reserved 1179648K
  class space    used 8610K, committed 9344K, reserved 1048576K
}
Event: 102664.916 GC heap after
{Heap after GC invocations=4707 (full 6):
 PSYoungGen      total 4096K, used 1990K [0x00000000d5580000, 0x00000000d5c00000, 0x0000000100000000)
  eden space 2048K, 0% used [0x00000000d5580000,0x00000000d5580000,0x00000000d5780000)
  from space 2048K, 97% used [0x00000000d5a00000,0x00000000d5bf18d0,0x00000000d5c00000)
  to   space 2048K, 0% used [0x00000000d5780000,0x00000000d5780000,0x00000000d5980000)
 ParOldGen       total 513536K, used 513257K [0x0000000080000000, 0x000000009f580000, 0x00000000d5580000)
  object space 513536K, 99% used [0x0000000080000000,0x000000009f53a670,0x000000009f580000)
 Metaspace       used 86801K, committed 88256K, reserved 1179648K
  class space    used 8610K, committed 9344K, reserved 1048576K
}
Event: 102665.031 GC heap before
{Heap before GC invocations=4708 (full 6):
 PSYoungGen      total 4096K, used 4038K [0x00000000d5580000, 0x00000000d5c00000, 0x0000000100000000)
  eden space 2048K, 100% used [0x00000000d5580000,0x00000000d5780000,0x00000000d5780000)
  from space 2048K, 97% used [0x00000000d5a00000,0x00000000d5bf18d0,0x00000000d5c00000)
  to   space 2048K, 0% used [0x00000000d5780000,0x00000000d5780000,0x00000000d5980000)
 ParOldGen       total 513536K, used 513257K [0x0000000080000000, 0x000000009f580000, 0x00000000d5580000)
  object space 513536K, 99% used [0x0000000080000000,0x000000009f53a670,0x000000009f580000)
 Metaspace       used 86801K, committed 88256K, reserved 1179648K
  class space    used 8610K, committed 9344K, reserved 1048576K
}
Event: 102665.046 GC heap after
{Heap after GC invocations=4708 (full 6):
 PSYoungGen      total 4096K, used 2048K [0x00000000d5580000, 0x00000000d6080000, 0x0000000100000000)
  eden space 2048K, 0% used [0x00000000d5580000,0x00000000d5580000,0x00000000d5780000)
  from space 2048K, 100% used [0x00000000d5780000,0x00000000d5980000,0x00000000d5980000)
  to   space 4608K, 0% used [0x00000000d5c00000,0x00000000d5c00000,0x00000000d6080000)
 ParOldGen       total 515584K, used 515191K [0x0000000080000000, 0x000000009f780000, 0x00000000d5580000)
  object space 515584K, 99% used [0x0000000080000000,0x000000009f71df40,0x000000009f780000)
 Metaspace       used 86801K, committed 88256K, reserved 1179648K
  class space    used 8610K, committed 9344K, reserved 1048576K
}
Event: 102672.086 GC heap before
{Heap before GC invocations=4709 (full 6):
 PSYoungGen      total 4096K, used 4096K [0x00000000d5580000, 0x00000000d6080000, 0x0000000100000000)
  eden space 2048K, 100% used [0x00000000d5580000,0x00000000d5780000,0x00000000d5780000)
  from space 2048K, 100% used [0x00000000d5780000,0x00000000d5980000,0x00000000d5980000)
  to   space 4608K, 0% used [0x00000000d5c00000,0x00000000d5c00000,0x00000000d6080000)
 ParOldGen       total 515584K, used 515191K [0x0000000080000000, 0x000000009f780000, 0x00000000d5580000)
  object space 515584K, 99% used [0x0000000080000000,0x000000009f71df40,0x000000009f780000)
 Metaspace       used 86801K, committed 88256K, reserved 1179648K
  class space    used 8610K, committed 9344K, reserved 1048576K
}
Event: 102672.102 GC heap after
{Heap after GC invocations=4709 (full 6):
 PSYoungGen      total 3584K, used 1456K [0x00000000d5580000, 0x00000000d5d80000, 0x0000000100000000)
  eden space 2048K, 0% used [0x00000000d5580000,0x00000000d5580000,0x00000000d5780000)
  from space 1536K, 94% used [0x00000000d5c00000,0x00000000d5d6c000,0x00000000d5d80000)
  to   space 2560K, 0% used [0x00000000d5880000,0x00000000d5880000,0x00000000d5b00000)
 ParOldGen       total 517632K, used 517215K [0x0000000080000000, 0x000000009f980000, 0x00000000d5580000)
  object space 517632K, 99% used [0x0000000080000000,0x000000009f917f40,0x000000009f980000)
 Metaspace       used 86801K, committed 88256K, reserved 1179648K
  class space    used 8610K, committed 9344K, reserved 1048576K
}
Event: 102672.160 GC heap before
{Heap before GC invocations=4710 (full 6):
 PSYoungGen      total 3584K, used 3504K [0x00000000d5580000, 0x00000000d5d80000, 0x0000000100000000)
  eden space 2048K, 100% used [0x00000000d5580000,0x00000000d5780000,0x00000000d5780000)
  from space 1536K, 94% used [0x00000000d5c00000,0x00000000d5d6c000,0x00000000d5d80000)
  to   space 2560K, 0% used [0x00000000d5880000,0x00000000d5880000,0x00000000d5b00000)
 ParOldGen       total 517632K, used 517215K [0x0000000080000000, 0x000000009f980000, 0x00000000d5580000)
  object space 517632K, 99% used [0x0000000080000000,0x000000009f917f40,0x000000009f980000)
 Metaspace       used 86801K, committed 88256K, reserved 1179648K
  class space    used 8610K, committed 9344K, reserved 1048576K
}
Event: 102672.173 GC heap after
{Heap after GC invocations=4710 (full 6):
 PSYoungGen      total 4608K, used 256K [0x00000000d5580000, 0x00000000d5c80000, 0x0000000100000000)
  eden space 2048K, 0% used [0x00000000d5580000,0x00000000d5580000,0x00000000d5780000)
  from space 2560K, 10% used [0x00000000d5880000,0x00000000d58c0000,0x00000000d5b00000)
  to   space 1024K, 0% used [0x00000000d5b80000,0x00000000d5b80000,0x00000000d5c80000)
 ParOldGen       total 518656K, used 518487K [0x0000000080000000, 0x000000009fa80000, 0x00000000d5580000)
  object space 518656K, 99% used [0x0000000080000000,0x000000009fa55f40,0x000000009fa80000)
 Metaspace       used 86801K, committed 88256K, reserved 1179648K
  class space    used 8610K, committed 9344K, reserved 1048576K
}
Event: 102681.040 GC heap before
{Heap before GC invocations=4711 (full 6):
 PSYoungGen      total 4608K, used 2304K [0x00000000d5580000, 0x00000000d5c80000, 0x0000000100000000)
  eden space 2048K, 100% used [0x00000000d5580000,0x00000000d5780000,0x00000000d5780000)
  from space 2560K, 10% used [0x00000000d5880000,0x00000000d58c0000,0x00000000d5b00000)
  to   space 1024K, 0% used [0x00000000d5b80000,0x00000000d5b80000,0x00000000d5c80000)
 ParOldGen       total 518656K, used 518487K [0x0000000080000000, 0x000000009fa80000, 0x00000000d5580000)
  object space 518656K, 99% used [0x0000000080000000,0x000000009fa55f40,0x000000009fa80000)
 Metaspace       used 86801K, committed 88256K, reserved 1179648K
  class space    used 8610K, committed 9344K, reserved 1048576K
}
Event: 102681.047 GC heap after
{Heap after GC invocations=4711 (full 6):
 PSYoungGen      total 2560K, used 480K [0x00000000d5580000, 0x00000000d5c00000, 0x0000000100000000)
  eden space 2048K, 0% used [0x00000000d5580000,0x00000000d5580000,0x00000000d5780000)
  from space 512K, 93% used [0x00000000d5b80000,0x00000000d5bf8000,0x00000000d5c00000)
  to   space 1024K, 0% used [0x00000000d5a00000,0x00000000d5a00000,0x00000000d5b00000)
 ParOldGen       total 518656K, used 518527K [0x0000000080000000, 0x000000009fa80000, 0x00000000d5580000)
  object space 518656K, 99% used [0x0000000080000000,0x000000009fa5ff40,0x000000009fa80000)
 Metaspace       used 86801K, committed 88256K, reserved 1179648K
  class space    used 8610K, committed 9344K, reserved 1048576K
}
Event: 102699.161 GC heap before
{Heap before GC invocations=4712 (full 6):
 PSYoungGen      total 2560K, used 2528K [0x00000000d5580000, 0x00000000d5c00000, 0x0000000100000000)
  eden space 2048K, 100% used [0x00000000d5580000,0x00000000d5780000,0x00000000d5780000)
  from space 512K, 93% used [0x00000000d5b80000,0x00000000d5bf8000,0x00000000d5c00000)
  to   space 1024K, 0% used [0x00000000d5a00000,0x00000000d5a00000,0x00000000d5b00000)
 ParOldGen       total 518656K, used 518527K [0x0000000080000000, 0x000000009fa80000, 0x00000000d5580000)
  object space 518656K, 99% used [0x0000000080000000,0x000000009fa5ff40,0x000000009fa80000)
 Metaspace       used 86801K, committed 88256K, reserved 1179648K
  class space    used 8610K, committed 9344K, reserved 1048576K
}
Event: 102699.168 GC heap after
{Heap after GC invocations=4712 (full 6):
 PSYoungGen      total 3072K, used 224K [0x00000000d5580000, 0x00000000d5c00000, 0x0000000100000000)
  eden space 2048K, 0% used [0x00000000d5580000,0x00000000d5580000,0x00000000d5780000)
  from space 1024K, 21% used [0x00000000d5a00000,0x00000000d5a38000,0x00000000d5b00000)
  to   space 512K, 0% used [0x00000000d5b80000,0x00000000d5b80000,0x00000000d5c00000)
 ParOldGen       total 518656K, used 518543K [0x0000000080000000, 0x000000009fa80000, 0x00000000d5580000)
  object space 518656K, 99% used [0x0000000080000000,0x000000009fa63f40,0x000000009fa80000)
 Metaspace       used 86801K, committed 88256K, reserved 1179648K
  class space    used 8610K, committed 9344K, reserved 1048576K
}
Event: 102707.323 GC heap before
{Heap before GC invocations=4713 (full 6):
 PSYoungGen      total 3072K, used 2272K [0x00000000d5580000, 0x00000000d5c00000, 0x0000000100000000)
  eden space 2048K, 100% used [0x00000000d5580000,0x00000000d5780000,0x00000000d5780000)
  from space 1024K, 21% used [0x00000000d5a00000,0x00000000d5a38000,0x00000000d5b00000)
  to   space 512K, 0% used [0x00000000d5b80000,0x00000000d5b80000,0x00000000d5c00000)
 ParOldGen       total 518656K, used 518543K [0x0000000080000000, 0x000000009fa80000, 0x00000000d5580000)
  object space 518656K, 99% used [0x0000000080000000,0x000000009fa63f40,0x000000009fa80000)
 Metaspace       used 86801K, committed 88256K, reserved 1179648K
  class space    used 8610K, committed 9344K, reserved 1048576K
}
Event: 102707.330 GC heap after
{Heap after GC invocations=4713 (full 6):
 PSYoungGen      total 2560K, used 192K [0x00000000d5580000, 0x00000000d5c00000, 0x0000000100000000)
  eden space 2048K, 0% used [0x00000000d5580000,0x00000000d5580000,0x00000000d5780000)
  from space 512K, 37% used [0x00000000d5b80000,0x00000000d5bb0000,0x00000000d5c00000)
  to   space 512K, 0% used [0x00000000d5b00000,0x00000000d5b00000,0x00000000d5b80000)
 ParOldGen       total 518656K, used 518591K [0x0000000080000000, 0x000000009fa80000, 0x00000000d5580000)
  object space 518656K, 99% used [0x0000000080000000,0x000000009fa6ff40,0x000000009fa80000)
 Metaspace       used 86801K, committed 88256K, reserved 1179648K
  class space    used 8610K, committed 9344K, reserved 1048576K
}
Event: 102707.372 GC heap before
{Heap before GC invocations=4714 (full 6):
 PSYoungGen      total 2560K, used 2240K [0x00000000d5580000, 0x00000000d5c00000, 0x0000000100000000)
  eden space 2048K, 100% used [0x00000000d5580000,0x00000000d5780000,0x00000000d5780000)
  from space 512K, 37% used [0x00000000d5b80000,0x00000000d5bb0000,0x00000000d5c00000)
  to   space 512K, 0% used [0x00000000d5b00000,0x00000000d5b00000,0x00000000d5b80000)
 ParOldGen       total 518656K, used 518591K [0x0000000080000000, 0x000000009fa80000, 0x00000000d5580000)
  object space 518656K, 99% used [0x0000000080000000,0x000000009fa6ff40,0x000000009fa80000)
 Metaspace       used 86801K, committed 88256K, reserved 1179648K
  class space    used 8610K, committed 9344K, reserved 1048576K
}
Event: 102707.384 GC heap after
{Heap after GC invocations=4714 (full 6):
 PSYoungGen      total 2560K, used 256K [0x00000000d5580000, 0x00000000d5c00000, 0x0000000100000000)
  eden space 2048K, 0% used [0x00000000d5580000,0x00000000d5580000,0x00000000d5780000)
  from space 512K, 50% used [0x00000000d5b00000,0x00000000d5b40000,0x00000000d5b80000)
  to   space 512K, 0% used [0x00000000d5b80000,0x00000000d5b80000,0x00000000d5c00000)
 ParOldGen       total 518656K, used 518639K [0x0000000080000000, 0x000000009fa80000, 0x00000000d5580000)
  object space 518656K, 99% used [0x0000000080000000,0x000000009fa7bf40,0x000000009fa80000)
 Metaspace       used 86801K, committed 88256K, reserved 1179648K
  class space    used 8610K, committed 9344K, reserved 1048576K
}
Event: 102710.852 GC heap before
{Heap before GC invocations=4715 (full 6):
 PSYoungGen      total 2560K, used 2304K [0x00000000d5580000, 0x00000000d5c00000, 0x0000000100000000)
  eden space 2048K, 100% used [0x00000000d5580000,0x00000000d5780000,0x00000000d5780000)
  from space 512K, 50% used [0x00000000d5b00000,0x00000000d5b40000,0x00000000d5b80000)
  to   space 512K, 0% used [0x00000000d5b80000,0x00000000d5b80000,0x00000000d5c00000)
 ParOldGen       total 518656K, used 518639K [0x0000000080000000, 0x000000009fa80000, 0x00000000d5580000)
  object space 518656K, 99% used [0x0000000080000000,0x000000009fa7bf40,0x000000009fa80000)
 Metaspace       used 86801K, committed 88256K, reserved 1179648K
  class space    used 8611K, committed 9344K, reserved 1048576K
}
Event: 102710.860 GC heap after
{Heap after GC invocations=4715 (full 6):
 PSYoungGen      total 2560K, used 464K [0x00000000d5580000, 0x00000000d5c00000, 0x0000000100000000)
  eden space 2048K, 0% used [0x00000000d5580000,0x00000000d5580000,0x00000000d5780000)
  from space 512K, 90% used [0x00000000d5b80000,0x00000000d5bf4010,0x00000000d5c00000)
  to   space 512K, 0% used [0x00000000d5b00000,0x00000000d5b00000,0x00000000d5b80000)
 ParOldGen       total 519168K, used 518671K [0x0000000080000000, 0x000000009fb00000, 0x00000000d5580000)
  object space 519168K, 99% used [0x0000000080000000,0x000000009fa83f40,0x000000009fb00000)
 Metaspace       used 86801K, committed 88256K, reserved 1179648K
  class space    used 8611K, committed 9344K, reserved 1048576K
}
Event: 313819.656 GC heap before
{Heap before GC invocations=4716 (full 6):
 PSYoungGen      total 2560K, used 2512K [0x00000000d5580000, 0x00000000d5c00000, 0x0000000100000000)
  eden space 2048K, 99% used [0x00000000d5580000,0x00000000d577fff0,0x00000000d5780000)
  from space 512K, 90% used [0x00000000d5b80000,0x00000000d5bf4010,0x00000000d5c00000)
  to   space 512K, 0% used [0x00000000d5b00000,0x00000000d5b00000,0x00000000d5b80000)
 ParOldGen       total 519168K, used 518671K [0x0000000080000000, 0x000000009fb00000, 0x00000000d5580000)
  object space 519168K, 99% used [0x0000000080000000,0x000000009fa83f40,0x000000009fb00000)
 Metaspace       used 86802K, committed 88256K, reserved 1179648K
  class space    used 8611K, committed 9344K, reserved 1048576K
}
Event: 313820.291 GC heap after
{Heap after GC invocations=4716 (full 6):
 PSYoungGen      total 2560K, used 224K [0x00000000d5580000, 0x00000000d5c00000, 0x0000000100000000)
  eden space 2048K, 0% used [0x00000000d5580000,0x00000000d5580000,0x00000000d5780000)
  from space 512K, 43% used [0x00000000d5b00000,0x00000000d5b38000,0x00000000d5b80000)
  to   space 512K, 0% used [0x00000000d5b80000,0x00000000d5b80000,0x00000000d5c00000)
 ParOldGen       total 519168K, used 518711K [0x0000000080000000, 0x000000009fb00000, 0x00000000d5580000)
  object space 519168K, 99% used [0x0000000080000000,0x000000009fa8df40,0x000000009fb00000)
 Metaspace       used 86802K, committed 88256K, reserved 1179648K
  class space    used 8611K, committed 9344K, reserved 1048576K
}

Dll operation events (14 events):
Event: 0.056 Loaded shared library c:\Users\Admin\.vscode\extensions\redhat.java-1.44.0-win32-x64\jre\21.0.8-win32-x86_64\bin\java.dll
Event: 0.581 Loaded shared library c:\Users\Admin\.vscode\extensions\redhat.java-1.44.0-win32-x64\jre\21.0.8-win32-x86_64\bin\zip.dll
Event: 0.717 Loaded shared library C:\Users\Admin\.vscode\extensions\redhat.java-1.44.0-win32-x64\jre\21.0.8-win32-x86_64\bin\instrument.dll
Event: 0.740 Loaded shared library C:\Users\Admin\.vscode\extensions\redhat.java-1.44.0-win32-x64\jre\21.0.8-win32-x86_64\bin\net.dll
Event: 0.751 Loaded shared library C:\Users\Admin\.vscode\extensions\redhat.java-1.44.0-win32-x64\jre\21.0.8-win32-x86_64\bin\nio.dll
Event: 0.777 Loaded shared library C:\Users\Admin\.vscode\extensions\redhat.java-1.44.0-win32-x64\jre\21.0.8-win32-x86_64\bin\zip.dll
Event: 0.919 Loaded shared library C:\Users\Admin\.vscode\extensions\redhat.java-1.44.0-win32-x64\jre\21.0.8-win32-x86_64\bin\jimage.dll
Event: 1.407 Loaded shared library c:\Users\Admin\.vscode\extensions\redhat.java-1.44.0-win32-x64\jre\21.0.8-win32-x86_64\bin\verify.dll
Event: 27.771 Loaded shared library C:\Users\Admin\AppData\Roaming\Code\User\globalStorage\redhat.java\1.44.0\config_win\org.eclipse.equinox.launcher\org.eclipse.equinox.launcher.win32.win32.x86_64_1.2.1400.v20250730-1736\eclipse_11913.dll
Event: 77.001 Loaded shared library C:\Users\Admin\.vscode\extensions\redhat.java-1.44.0-win32-x64\jre\21.0.8-win32-x86_64\bin\management.dll
Event: 77.010 Loaded shared library C:\Users\Admin\.vscode\extensions\redhat.java-1.44.0-win32-x64\jre\21.0.8-win32-x86_64\bin\management_ext.dll
Event: 88.537 Loaded shared library C:\Users\Admin\AppData\Local\Temp\jna-63116079\jna230690872207833532.dll
Event: 90.419 Loaded shared library C:\Users\Admin\.vscode\extensions\redhat.java-1.44.0-win32-x64\jre\21.0.8-win32-x86_64\bin\sunmscapi.dll
Event: 92.638 Loaded shared library C:\Users\Admin\.vscode\extensions\redhat.java-1.44.0-win32-x64\jre\21.0.8-win32-x86_64\bin\extnet.dll

Deoptimization events (20 events):
Event: 102637.741 Thread 0x000001500542a840 Uncommon trap: trap_request=0xffffff45 fr.pc=0x000001502de98f08 relative=0x0000000000000588
Event: 102637.742 Thread 0x000001500542a840 Uncommon trap: reason=unstable_if action=reinterpret pc=0x000001502de98f08 method=org.eclipse.jdt.internal.compiler.ast.NumberLiteral.removePrefixZerosAndUnderscores([CZ)[C @ 32 c2
Event: 102637.742 Thread 0x000001500542a840 DEOPT PACKING pc=0x000001502de98f08 sp=0x000000486fafe970
Event: 102637.742 Thread 0x000001500542a840 DEOPT UNPACKING pc=0x000001502cfd3aa2 sp=0x000000486fafe8d8 mode 2
Event: 102637.791 Thread 0x00000150054280e0 Uncommon trap: trap_request=0xffffff45 fr.pc=0x000001502e183560 relative=0x0000000000000b00
Event: 102637.791 Thread 0x00000150054280e0 Uncommon trap: reason=unstable_if action=reinterpret pc=0x000001502e183560 method=org.eclipse.jdt.internal.compiler.ast.IntLiteral.computeConstant()V @ 38 c2
Event: 102637.791 Thread 0x00000150054280e0 DEOPT PACKING pc=0x000001502e183560 sp=0x000000486f5fe280
Event: 102637.791 Thread 0x00000150054280e0 DEOPT UNPACKING pc=0x000001502cfd3aa2 sp=0x000000486f5fe1e8 mode 2
Event: 102637.791 Thread 0x00000150054280e0 Uncommon trap: trap_request=0xffffff45 fr.pc=0x000001502e5e1fd8 relative=0x00000000000000b8
Event: 102637.791 Thread 0x00000150054280e0 Uncommon trap: reason=unstable_if action=reinterpret pc=0x000001502e5e1fd8 method=org.eclipse.jdt.internal.compiler.parser.ScannerHelper.digit(CI)I @ 8 c2
Event: 102637.791 Thread 0x00000150054280e0 DEOPT PACKING pc=0x000001502e5e1fd8 sp=0x000000486f5fe180
Event: 102637.791 Thread 0x00000150054280e0 DEOPT UNPACKING pc=0x000001502cfd3aa2 sp=0x000000486f5fe110 mode 2
Event: 244524.046 Thread 0x0000015006def4f0 Uncommon trap: trap_request=0xffffffd6 fr.pc=0x000001502d63bad4 relative=0x0000000000000314
Event: 244524.046 Thread 0x0000015006def4f0 Uncommon trap: reason=array_check action=maybe_recompile pc=0x000001502d63bad4 method=java.util.concurrent.ScheduledThreadPoolExecutor$DelayedWorkQueue.offer(Ljava/lang/Runnable;)Z @ 65 c2
Event: 244524.046 Thread 0x0000015006def4f0 DEOPT PACKING pc=0x000001502d63bad4 sp=0x0000004870bff430
Event: 244524.052 Thread 0x0000015006def4f0 DEOPT UNPACKING pc=0x000001502cfd3aa2 sp=0x0000004870bff3a0 mode 2
Event: 244534.090 Thread 0x0000015006def4f0 Uncommon trap: trap_request=0xffffffd6 fr.pc=0x000001502d63bad4 relative=0x0000000000000314
Event: 244534.090 Thread 0x0000015006def4f0 Uncommon trap: reason=array_check action=maybe_recompile pc=0x000001502d63bad4 method=java.util.concurrent.ScheduledThreadPoolExecutor$DelayedWorkQueue.offer(Ljava/lang/Runnable;)Z @ 65 c2
Event: 244534.090 Thread 0x0000015006def4f0 DEOPT PACKING pc=0x000001502d63bad4 sp=0x0000004870bff430
Event: 244534.091 Thread 0x0000015006def4f0 DEOPT UNPACKING pc=0x000001502cfd3aa2 sp=0x0000004870bff3a0 mode 2

Classes loaded (20 events):
Event: 54877.139 Loading class java/util/stream/ReferencePipeline$4$1
Event: 54877.145 Loading class java/util/stream/ReferencePipeline$4$1 done
Event: 54958.211 Loading class java/lang/Throwable$WrappedPrintWriter
Event: 54958.212 Loading class java/lang/Throwable$PrintStreamOrWriter
Event: 54958.213 Loading class java/lang/Throwable$PrintStreamOrWriter done
Event: 54958.213 Loading class java/lang/Throwable$WrappedPrintWriter done
Event: 55035.556 Loading class java/lang/StringLatin1$CharsSpliterator
Event: 55035.559 Loading class java/lang/StringLatin1$CharsSpliterator done
Event: 55053.140 Loading class java/io/CharArrayReader
Event: 55053.143 Loading class java/io/CharArrayReader done
Event: 55053.144 Loading class java/util/regex/Pattern$Bound
Event: 55053.145 Loading class java/util/regex/Pattern$Bound done
Event: 55138.440 Loading class java/nio/channels/CompletionHandler
Event: 55138.446 Loading class java/nio/channels/CompletionHandler done
Event: 55209.375 Loading class jdk/internal/icu/text/NormalizerBase$NFCModeImpl
Event: 55209.377 Loading class jdk/internal/icu/text/NormalizerBase$NFCModeImpl done
Event: 55209.377 Loading class jdk/internal/icu/impl/Norm2AllModes$NFCSingleton
Event: 55209.379 Loading class jdk/internal/icu/impl/Norm2AllModes$NFCSingleton done
Event: 55209.384 Loading class java/nio/StringCharBuffer
Event: 55209.386 Loading class java/nio/StringCharBuffer done

Classes unloaded (20 events):
Event: 100712.154 Thread 0x00000150392a24a0 Unloading class 0x000001503b213800 'java/lang/invoke/LambdaForm$MH+0x000001503b213800'
Event: 100712.154 Thread 0x00000150392a24a0 Unloading class 0x000001503b211400 'java/lang/invoke/LambdaForm$MH+0x000001503b211400'
Event: 100712.154 Thread 0x00000150392a24a0 Unloading class 0x000001503b210800 'java/lang/invoke/LambdaForm$MH+0x000001503b210800'
Event: 100712.154 Thread 0x00000150392a24a0 Unloading class 0x000001503b208800 'java/lang/invoke/LambdaForm$MH+0x000001503b208800'
Event: 100712.154 Thread 0x00000150392a24a0 Unloading class 0x000001503b205800 'java/lang/invoke/LambdaForm$MH+0x000001503b205800'
Event: 100712.154 Thread 0x00000150392a24a0 Unloading class 0x000001503b205400 'java/lang/invoke/LambdaForm$MH+0x000001503b205400'
Event: 100712.154 Thread 0x00000150392a24a0 Unloading class 0x000001503b205000 'java/lang/invoke/LambdaForm$MH+0x000001503b205000'
Event: 100712.154 Thread 0x00000150392a24a0 Unloading class 0x000001503b1ad400 'java/lang/invoke/LambdaForm$MH+0x000001503b1ad400'
Event: 100712.154 Thread 0x00000150392a24a0 Unloading class 0x000001503b1ad000 'java/lang/invoke/LambdaForm$MH+0x000001503b1ad000'
Event: 100712.154 Thread 0x00000150392a24a0 Unloading class 0x000001503b178800 'java/lang/invoke/LambdaForm$MH+0x000001503b178800'
Event: 100712.154 Thread 0x00000150392a24a0 Unloading class 0x000001503b178000 'java/lang/invoke/LambdaForm$MH+0x000001503b178000'
Event: 100712.155 Thread 0x00000150392a24a0 Unloading class 0x000001503b177c00 'java/lang/invoke/LambdaForm$MH+0x000001503b177c00'
Event: 100712.155 Thread 0x00000150392a24a0 Unloading class 0x000001503b082400 'java/lang/invoke/LambdaForm$MH+0x000001503b082400'
Event: 100712.157 Thread 0x00000150392a24a0 Unloading class 0x000001503b081c00 'java/lang/invoke/LambdaForm$MH+0x000001503b081c00'
Event: 100712.157 Thread 0x00000150392a24a0 Unloading class 0x000001503b081800 'java/lang/invoke/LambdaForm$MH+0x000001503b081800'
Event: 100712.158 Thread 0x00000150392a24a0 Unloading class 0x000001503b081400 'java/lang/invoke/LambdaForm$MH+0x000001503b081400'
Event: 100712.158 Thread 0x00000150392a24a0 Unloading class 0x000001503b081000 'java/lang/invoke/LambdaForm$MH+0x000001503b081000'
Event: 100712.158 Thread 0x00000150392a24a0 Unloading class 0x000001503b080800 'java/lang/invoke/LambdaForm$MH+0x000001503b080800'
Event: 100712.158 Thread 0x00000150392a24a0 Unloading class 0x000001503b080400 'java/lang/invoke/LambdaForm$MH+0x000001503b080400'
Event: 100712.158 Thread 0x00000150392a24a0 Unloading class 0x000001503b080000 'java/lang/invoke/LambdaForm$MH+0x000001503b080000'

Classes redefined (0 events):
No events

Internal exceptions (20 events):
Event: 101957.009 Thread 0x000001500541d220 Exception <a 'sun/nio/fs/WindowsException'{0x00000000d56c85f0}> (0x00000000d56c85f0) 
thrown [s\src\hotspot\share\prims\jni.cpp, line 520]
Event: 101988.360 Thread 0x000001500541d220 Exception <a 'sun/nio/fs/WindowsException'{0x00000000d565d358}> (0x00000000d565d358) 
thrown [s\src\hotspot\share\prims\jni.cpp, line 520]
Event: 101988.611 Thread 0x0000015006df1c50 Implicit null exception at 0x000001502de6aae0 to 0x000001502de6be14
Event: 101989.547 Thread 0x000001500541d220 Exception <a 'sun/nio/fs/WindowsException'{0x00000000d55e1e60}> (0x00000000d55e1e60) 
thrown [s\src\hotspot\share\prims\jni.cpp, line 520]
Event: 101996.644 Thread 0x000001500541d220 Exception <a 'sun/nio/fs/WindowsException'{0x00000000d5707fc0}> (0x00000000d5707fc0) 
thrown [s\src\hotspot\share\prims\jni.cpp, line 520]
Event: 101997.041 Thread 0x000001500541d220 Exception <a 'sun/nio/fs/WindowsException'{0x00000000d560b2e8}> (0x00000000d560b2e8) 
thrown [s\src\hotspot\share\prims\jni.cpp, line 520]
Event: 102025.832 Thread 0x0000015006df1c50 Exception <a 'java/lang/ClassNotFoundException'{0x00000000d575f980}: sun/net/www/protocol/jdt/Handler> (0x00000000d575f980) 
thrown [s\src\hotspot\share\classfile\systemDictionary.cpp, line 312]
Event: 102034.635 Thread 0x000001500541d220 Exception <a 'sun/nio/fs/WindowsException'{0x00000000d5632d70}> (0x00000000d5632d70) 
thrown [s\src\hotspot\share\prims\jni.cpp, line 520]
Event: 102035.402 Thread 0x000001500541d220 Exception <a 'sun/nio/fs/WindowsException'{0x00000000d55e1990}> (0x00000000d55e1990) 
thrown [s\src\hotspot\share\prims\jni.cpp, line 520]
Event: 102043.012 Thread 0x000001500541d220 Exception <a 'sun/nio/fs/WindowsException'{0x00000000d55d41a0}> (0x00000000d55d41a0) 
thrown [s\src\hotspot\share\prims\jni.cpp, line 520]
Event: 102043.433 Thread 0x000001500541d220 Exception <a 'sun/nio/fs/WindowsException'{0x00000000d56d1d70}> (0x00000000d56d1d70) 
thrown [s\src\hotspot\share\prims\jni.cpp, line 520]
Event: 102632.873 Thread 0x000001500541d220 Exception <a 'sun/nio/fs/WindowsException'{0x00000000d5647cb0}> (0x00000000d5647cb0) 
thrown [s\src\hotspot\share\prims\jni.cpp, line 520]
Event: 102633.520 Thread 0x000001500541d220 Exception <a 'sun/nio/fs/WindowsException'{0x00000000d5697668}> (0x00000000d5697668) 
thrown [s\src\hotspot\share\prims\jni.cpp, line 520]
Event: 102635.316 Thread 0x000001500541d220 Exception <a 'sun/nio/fs/WindowsException'{0x00000000d572a120}> (0x00000000d572a120) 
thrown [s\src\hotspot\share\prims\jni.cpp, line 520]
Event: 102636.123 Thread 0x000001500541d220 Exception <a 'sun/nio/fs/WindowsException'{0x00000000d55e22d0}> (0x00000000d55e22d0) 
thrown [s\src\hotspot\share\prims\jni.cpp, line 520]
Event: 102638.997 Thread 0x000001500541d220 Exception <a 'sun/nio/fs/WindowsException'{0x00000000d575ed90}> (0x00000000d575ed90) 
thrown [s\src\hotspot\share\prims\jni.cpp, line 520]
Event: 102639.488 Thread 0x000001500541d220 Exception <a 'sun/nio/fs/WindowsException'{0x00000000d561b838}> (0x00000000d561b838) 
thrown [s\src\hotspot\share\prims\jni.cpp, line 520]
Event: 102662.968 Thread 0x000001500541d220 Exception <a 'sun/nio/fs/WindowsException'{0x00000000d57688e0}> (0x00000000d57688e0) 
thrown [s\src\hotspot\share\prims\jni.cpp, line 520]
Event: 102666.676 Thread 0x000001500541d220 Exception <a 'sun/nio/fs/WindowsException'{0x00000000d570b920}> (0x00000000d570b920) 
thrown [s\src\hotspot\share\prims\jni.cpp, line 520]
Event: 314222.303 Thread 0x0000015006defb80 Exception <a 'java/lang/IncompatibleClassChangeError'{0x00000000d558c9c0}: Found class java.lang.Object, but interface was expected> (0x00000000d558c9c0) 
thrown [s\src\hotspot\share\interpreter\linkResolver.cpp, line 840]

ZGC Phase Switch (0 events):
No events

VM Operations (20 events):
Event: 337279.933 Executing VM operation: HandshakeAllThreads (HandshakeForDeflation)
Event: 337279.936 Executing VM operation: HandshakeAllThreads (HandshakeForDeflation) done
Event: 337279.936 Executing VM operation: RendezvousGCThreads
Event: 337279.936 Executing VM operation: RendezvousGCThreads done
Event: 388734.767 Executing VM operation: HandshakeAllThreads (HandshakeForDeflation)
Event: 388734.772 Executing VM operation: HandshakeAllThreads (HandshakeForDeflation) done
Event: 388734.772 Executing VM operation: RendezvousGCThreads
Event: 388734.772 Executing VM operation: RendezvousGCThreads done
Event: 389516.371 Executing VM operation: HandshakeAllThreads (HandshakeForDeflation)
Event: 389516.376 Executing VM operation: HandshakeAllThreads (HandshakeForDeflation) done
Event: 389516.376 Executing VM operation: RendezvousGCThreads
Event: 389516.376 Executing VM operation: RendezvousGCThreads done
Event: 398218.864 Executing VM operation: HandshakeAllThreads (HandshakeForDeflation)
Event: 398218.866 Executing VM operation: HandshakeAllThreads (HandshakeForDeflation) done
Event: 398218.866 Executing VM operation: RendezvousGCThreads
Event: 398218.866 Executing VM operation: RendezvousGCThreads done
Event: 399120.686 Executing VM operation: HandshakeAllThreads (HandshakeForDeflation)
Event: 399120.691 Executing VM operation: HandshakeAllThreads (HandshakeForDeflation) done
Event: 399120.692 Executing VM operation: RendezvousGCThreads
Event: 399120.692 Executing VM operation: RendezvousGCThreads done

Memory protections (0 events):
No events

Nmethod flushes (20 events):
Event: 100713.501 Thread 0x00000150392a24a0 flushing  nmethod 0x0000015028522f10
Event: 100713.501 Thread 0x00000150392a24a0 flushing  nmethod 0x000001502853a810
Event: 100713.501 Thread 0x00000150392a24a0 flushing  nmethod 0x0000015028570d90
Event: 100713.502 Thread 0x00000150392a24a0 flushing  nmethod 0x00000150285a2210
Event: 100713.502 Thread 0x00000150392a24a0 flushing  nmethod 0x00000150285f2010
Event: 100713.502 Thread 0x00000150392a24a0 flushing osr nmethod 0x00000150285f5990
Event: 100713.502 Thread 0x00000150392a24a0 flushing  nmethod 0x00000150285ff010
Event: 100713.502 Thread 0x00000150392a24a0 flushing  nmethod 0x000001502860dc10
Event: 100713.502 Thread 0x00000150392a24a0 flushing  nmethod 0x000001502860e810
Event: 100713.502 Thread 0x00000150392a24a0 flushing  nmethod 0x0000015028611010
Event: 100713.502 Thread 0x00000150392a24a0 flushing  nmethod 0x00000150286b1590
Event: 100713.502 Thread 0x00000150392a24a0 flushing  nmethod 0x00000150286fb090
Event: 100713.502 Thread 0x00000150392a24a0 flushing  nmethod 0x0000015028706890
Event: 100713.502 Thread 0x00000150392a24a0 flushing  nmethod 0x00000150287e0a10
Event: 100713.502 Thread 0x00000150392a24a0 flushing  nmethod 0x0000015028816890
Event: 100713.502 Thread 0x00000150392a24a0 flushing  nmethod 0x0000015028872f10
Event: 100713.502 Thread 0x00000150392a24a0 flushing  nmethod 0x0000015028884a90
Event: 100713.502 Thread 0x00000150392a24a0 flushing  nmethod 0x0000015028895210
Event: 100713.502 Thread 0x00000150392a24a0 flushing  nmethod 0x0000015028916810
Event: 100713.502 Thread 0x00000150392a24a0 flushing  nmethod 0x00000150289c9d10

Events (20 events):
Event: 102635.429 Thread 0x000001500542d630 Thread added: 0x000001500542cfa0
Event: 102636.769 Thread 0x0000015006defb80 Thread added: 0x000001500542c280
Event: 102639.082 Thread 0x000001500542d630 Thread added: 0x000001500542a1b0
Event: 102681.202 Thread 0x00000150392cdc80 Thread added: 0x00000150072e7880
Event: 102681.202 Thread 0x00000150392cdc80 Thread added: 0x00000150072ebca0
Event: 102686.237 Thread 0x00000150072ebca0 Thread exited: 0x00000150072ebca0
Event: 102691.251 Thread 0x00000150072e7880 Thread exited: 0x00000150072e7880
Event: 102699.119 Thread 0x00000150054266a0 Thread exited: 0x00000150054266a0
Event: 102723.101 Thread 0x000001500542d630 Thread exited: 0x000001500542d630
Event: 102770.998 Thread 0x0000015005429b20 Thread exited: 0x0000015005429b20
Event: 102831.005 Thread 0x00000150054280e0 Thread exited: 0x00000150054280e0
Event: 102891.011 Thread 0x0000015005427a50 Thread exited: 0x0000015005427a50
Event: 102932.811 Thread 0x00000150051bf9f0 Thread added: 0x0000015005427a50
Event: 102932.812 Thread 0x0000015005427a50 Thread exited: 0x0000015005427a50
Event: 102932.927 Thread 0x0000015005428e00 Thread exited: 0x0000015005428e00
Event: 102935.533 Thread 0x000001500542cfa0 Thread exited: 0x000001500542cfa0
Event: 102939.089 Thread 0x000001500542a1b0 Thread exited: 0x000001500542a1b0
Event: 102951.016 Thread 0x000001500542c280 Thread exited: 0x000001500542c280
Event: 114111.802 Thread 0x00000150051bf9f0 Thread added: 0x0000015005429b20
Event: 114111.803 Thread 0x000001500542a840 Thread exited: 0x000001500542a840


Dynamic libraries:
0x00007ff66cde0000 - 0x00007ff66cdee000 	c:\Users\Admin\.vscode\extensions\redhat.java-1.44.0-win32-x64\jre\21.0.8-win32-x86_64\bin\java.exe
0x00007ffd6ebe0000 - 0x00007ffd6ee47000 	C:\WINDOWS\SYSTEM32\ntdll.dll
0x00007ffd6ced0000 - 0x00007ffd6cf99000 	C:\WINDOWS\System32\KERNEL32.DLL
0x00007ffd6be90000 - 0x00007ffd6c280000 	C:\WINDOWS\System32\KERNELBASE.dll
0x00007ffd6bd40000 - 0x00007ffd6be8b000 	C:\WINDOWS\System32\ucrtbase.dll
0x00007ffd538a0000 - 0x00007ffd538be000 	c:\Users\Admin\.vscode\extensions\redhat.java-1.44.0-win32-x64\jre\21.0.8-win32-x86_64\bin\VCRUNTIME140.dll
0x00007ffd54c30000 - 0x00007ffd54c48000 	c:\Users\Admin\.vscode\extensions\redhat.java-1.44.0-win32-x64\jre\21.0.8-win32-x86_64\bin\jli.dll
0x00007ffd6dc00000 - 0x00007ffd6ddc5000 	C:\WINDOWS\System32\USER32.dll
0x00007ffd5d6f0000 - 0x00007ffd5d98a000 	C:\WINDOWS\WinSxS\amd64_microsoft.windows.common-controls_6595b64144ccf1df_6.0.26100.4768_none_3e0c112ce331287c\COMCTL32.dll
0x00007ffd6bd10000 - 0x00007ffd6bd37000 	C:\WINDOWS\System32\win32u.dll
0x00007ffd6d800000 - 0x00007ffd6d8a9000 	C:\WINDOWS\System32\msvcrt.dll
0x00007ffd6c990000 - 0x00007ffd6c9bb000 	C:\WINDOWS\System32\GDI32.dll
0x00007ffd6c550000 - 0x00007ffd6c688000 	C:\WINDOWS\System32\gdi32full.dll
0x00007ffd6c290000 - 0x00007ffd6c333000 	C:\WINDOWS\System32\msvcp_win.dll
0x00007ffd6e6d0000 - 0x00007ffd6e6ff000 	C:\WINDOWS\System32\IMM32.DLL
0x00007ffd5c7c0000 - 0x00007ffd5c7cc000 	c:\Users\Admin\.vscode\extensions\redhat.java-1.44.0-win32-x64\jre\21.0.8-win32-x86_64\bin\vcruntime140_1.dll
0x00007ffcf94b0000 - 0x00007ffcf953d000 	c:\Users\Admin\.vscode\extensions\redhat.java-1.44.0-win32-x64\jre\21.0.8-win32-x86_64\bin\msvcp140.dll
0x00007ffc9d760000 - 0x00007ffc9e4f7000 	c:\Users\Admin\.vscode\extensions\redhat.java-1.44.0-win32-x64\jre\21.0.8-win32-x86_64\bin\server\jvm.dll
0x00007ffd6d740000 - 0x00007ffd6d7f4000 	C:\WINDOWS\System32\ADVAPI32.dll
0x00007ffd6d8b0000 - 0x00007ffd6d956000 	C:\WINDOWS\System32\sechost.dll
0x00007ffd6def0000 - 0x00007ffd6e008000 	C:\WINDOWS\System32\RPCRT4.dll
0x00007ffd6c9d0000 - 0x00007ffd6ca44000 	C:\WINDOWS\System32\WS2_32.dll
0x00007ffd6bb70000 - 0x00007ffd6bbce000 	C:\WINDOWS\SYSTEM32\POWRPROF.dll
0x00007ffd54d30000 - 0x00007ffd54d65000 	C:\WINDOWS\SYSTEM32\WINMM.dll
0x00007ffd5a2f0000 - 0x00007ffd5a2fb000 	C:\WINDOWS\SYSTEM32\VERSION.dll
0x00007ffd6bb50000 - 0x00007ffd6bb64000 	C:\WINDOWS\SYSTEM32\UMPDC.dll
0x00007ffd6aa50000 - 0x00007ffd6aa6b000 	C:\WINDOWS\SYSTEM32\kernel.appcore.dll
0x00007ffd3e0c0000 - 0x00007ffd3e0ca000 	c:\Users\Admin\.vscode\extensions\redhat.java-1.44.0-win32-x64\jre\21.0.8-win32-x86_64\bin\jimage.dll
0x00007ffd695a0000 - 0x00007ffd697e1000 	C:\WINDOWS\SYSTEM32\DBGHELP.DLL
0x00007ffd6e330000 - 0x00007ffd6e6b5000 	C:\WINDOWS\System32\combase.dll
0x00007ffd6db10000 - 0x00007ffd6dbf0000 	C:\WINDOWS\System32\OLEAUT32.dll
0x00007ffd51670000 - 0x00007ffd516b3000 	C:\WINDOWS\SYSTEM32\dbgcore.DLL
0x00007ffd6c690000 - 0x00007ffd6c729000 	C:\WINDOWS\System32\bcryptPrimitives.dll
0x00007ffd3cdf0000 - 0x00007ffd3cdff000 	c:\Users\Admin\.vscode\extensions\redhat.java-1.44.0-win32-x64\jre\21.0.8-win32-x86_64\bin\instrument.dll
0x00007ffd33f20000 - 0x00007ffd33f3f000 	c:\Users\Admin\.vscode\extensions\redhat.java-1.44.0-win32-x64\jre\21.0.8-win32-x86_64\bin\java.dll
0x00007ffd6cfa0000 - 0x00007ffd6d6ed000 	C:\WINDOWS\System32\SHELL32.dll
0x00007ffd6c340000 - 0x00007ffd6c4b3000 	C:\WINDOWS\System32\wintypes.dll
0x00007ffd698d0000 - 0x00007ffd6a130000 	C:\WINDOWS\SYSTEM32\windows.storage.dll
0x00007ffd6cd40000 - 0x00007ffd6ce35000 	C:\WINDOWS\System32\SHCORE.dll
0x00007ffd6e010000 - 0x00007ffd6e07a000 	C:\WINDOWS\System32\shlwapi.dll
0x00007ffd6bc30000 - 0x00007ffd6bc59000 	C:\WINDOWS\SYSTEM32\profapi.dll
0x00007ffd54930000 - 0x00007ffd54948000 	c:\Users\Admin\.vscode\extensions\redhat.java-1.44.0-win32-x64\jre\21.0.8-win32-x86_64\bin\zip.dll
0x00007ffd54920000 - 0x00007ffd54930000 	C:\Users\Admin\.vscode\extensions\redhat.java-1.44.0-win32-x64\jre\21.0.8-win32-x86_64\bin\net.dll
0x00007ffd65a20000 - 0x00007ffd65b3e000 	C:\WINDOWS\SYSTEM32\WINHTTP.dll
0x00007ffd6afc0000 - 0x00007ffd6b02b000 	C:\WINDOWS\system32\mswsock.dll
0x00007ffd2fa70000 - 0x00007ffd2fa86000 	C:\Users\Admin\.vscode\extensions\redhat.java-1.44.0-win32-x64\jre\21.0.8-win32-x86_64\bin\nio.dll
0x00007ffd3c990000 - 0x00007ffd3c9a0000 	c:\Users\Admin\.vscode\extensions\redhat.java-1.44.0-win32-x64\jre\21.0.8-win32-x86_64\bin\verify.dll
0x00007ffcfa670000 - 0x00007ffcfa6b5000 	C:\Users\Admin\AppData\Roaming\Code\User\globalStorage\redhat.java\1.44.0\config_win\org.eclipse.equinox.launcher\org.eclipse.equinox.launcher.win32.win32.x86_64_1.2.1400.v20250730-1736\eclipse_11913.dll
0x00007ffd6d960000 - 0x00007ffd6db00000 	C:\WINDOWS\System32\ole32.dll
0x00007ffd5ba70000 - 0x00007ffd5ba7a000 	C:\Users\Admin\.vscode\extensions\redhat.java-1.44.0-win32-x64\jre\21.0.8-win32-x86_64\bin\management.dll
0x00007ffd5ba60000 - 0x00007ffd5ba6b000 	C:\Users\Admin\.vscode\extensions\redhat.java-1.44.0-win32-x64\jre\21.0.8-win32-x86_64\bin\management_ext.dll
0x00007ffd6e6c0000 - 0x00007ffd6e6c8000 	C:\WINDOWS\System32\PSAPI.DLL
0x00007ffd6b3a0000 - 0x00007ffd6b3bb000 	C:\WINDOWS\SYSTEM32\CRYPTSP.dll
0x00007ffd6a9b0000 - 0x00007ffd6a9eb000 	C:\WINDOWS\system32\rsaenh.dll
0x00007ffd6b060000 - 0x00007ffd6b08b000 	C:\WINDOWS\SYSTEM32\USERENV.dll
0x00007ffd6bc00000 - 0x00007ffd6bc26000 	C:\WINDOWS\SYSTEM32\bcrypt.dll
0x00007ffd6b200000 - 0x00007ffd6b20c000 	C:\WINDOWS\SYSTEM32\CRYPTBASE.dll
0x00007ffd6a440000 - 0x00007ffd6a473000 	C:\WINDOWS\SYSTEM32\IPHLPAPI.DLL
0x00007ffd6c9c0000 - 0x00007ffd6c9ca000 	C:\WINDOWS\System32\NSI.dll
0x00007ffd04100000 - 0x00007ffd04149000 	C:\Users\Admin\AppData\Local\Temp\jna-63116079\jna230690872207833532.dll
0x00007ffd5d4c0000 - 0x00007ffd5d4df000 	C:\WINDOWS\SYSTEM32\dhcpcsvc6.DLL
0x00007ffd5d250000 - 0x00007ffd5d275000 	C:\WINDOWS\SYSTEM32\dhcpcsvc.DLL
0x00007ffd53760000 - 0x00007ffd5376e000 	C:\Users\Admin\.vscode\extensions\redhat.java-1.44.0-win32-x64\jre\21.0.8-win32-x86_64\bin\sunmscapi.dll
0x00007ffd6c7f0000 - 0x00007ffd6c967000 	C:\WINDOWS\System32\CRYPT32.dll
0x00007ffd6b500000 - 0x00007ffd6b530000 	C:\WINDOWS\SYSTEM32\ncrypt.dll
0x00007ffd6b4b0000 - 0x00007ffd6b4ef000 	C:\WINDOWS\SYSTEM32\NTASN1.dll
0x00007ffd6a530000 - 0x00007ffd6a656000 	C:\WINDOWS\SYSTEM32\DNSAPI.dll
0x00007ffd61f50000 - 0x00007ffd61f5b000 	C:\Windows\System32\rasadhlp.dll
0x00007ffd5a170000 - 0x00007ffd5a1f6000 	C:\WINDOWS\System32\fwpuclnt.dll
0x00007ffd507a0000 - 0x00007ffd507a9000 	C:\Users\Admin\.vscode\extensions\redhat.java-1.44.0-win32-x64\jre\21.0.8-win32-x86_64\bin\extnet.dll

JVMTI agents:
c:\Users\Admin\.vscode\extensions\redhat.java-1.44.0-win32-x64\lombok\lombok-1.18.39-4050.jar path:c:\Users\Admin\.vscode\extensions\redhat.java-1.44.0-win32-x64\jre\21.0.8-win32-x86_64\bin\instrument.dll, loaded, initialized, instrumentlib options:none

dbghelp: loaded successfully - version: 4.0.5 - missing functions: none
symbol engine: initialized successfully - sym options: 0x614 - pdb path: .;c:\Users\Admin\.vscode\extensions\redhat.java-1.44.0-win32-x64\jre\21.0.8-win32-x86_64\bin;C:\WINDOWS\SYSTEM32;C:\WINDOWS\WinSxS\amd64_microsoft.windows.common-controls_6595b64144ccf1df_6.0.26100.4768_none_3e0c112ce331287c;c:\Users\Admin\.vscode\extensions\redhat.java-1.44.0-win32-x64\jre\21.0.8-win32-x86_64\bin\server;C:\Users\Admin\AppData\Roaming\Code\User\globalStorage\redhat.java\1.44.0\config_win\org.eclipse.equinox.launcher\org.eclipse.equinox.launcher.win32.win32.x86_64_1.2.1400.v20250730-1736;C:\Users\Admin\AppData\Local\Temp\jna-63116079

VM Arguments:
jvm_args: --add-modules=ALL-SYSTEM --add-opens=java.base/java.util=ALL-UNNAMED --add-opens=java.base/java.lang=ALL-UNNAMED --add-opens=java.base/sun.nio.fs=ALL-UNNAMED -Declipse.application=org.eclipse.jdt.ls.core.id1 -Dosgi.bundles.defaultStartLevel=4 -Declipse.product=org.eclipse.jdt.ls.core.product -Djava.import.generatesMetadataFilesAtProjectRoot=false -DDetectVMInstallationsJob.disabled=true -Dfile.encoding=utf8 -XX:+UseParallelGC -XX:GCTimeRatio=4 -XX:AdaptiveSizePolicyWeight=90 -Dsun.zip.disableMemoryMapping=true -Xmx2G -Xms100m -Xlog:disable -javaagent:c:\Users\Admin\.vscode\extensions\redhat.java-1.44.0-win32-x64\lombok\lombok-1.18.39-4050.jar -XX:+HeapDumpOnOutOfMemoryError -XX:HeapDumpPath=c:\Users\Admin\AppData\Roaming\Code\User\workspaceStorage\2a9bd6179ab8c5fddaa8ae2493f73e8a\redhat.java -Daether.dependencyCollector.impl=bf 
java_command: c:\Users\Admin\.vscode\extensions\redhat.java-1.44.0-win32-x64\server\plugins\org.eclipse.equinox.launcher_1.7.0.v20250519-0528.jar -configuration c:\Users\Admin\AppData\Roaming\Code\User\globalStorage\redhat.java\1.44.0\config_win -data c:\Users\Admin\AppData\Roaming\Code\User\workspaceStorage\2a9bd6179ab8c5fddaa8ae2493f73e8a\redhat.java\jdt_ws --pipe=\\.\pipe\lsp-44d953f4e42344d72e224df321d871fd-sock
java_class_path (initial): c:\Users\Admin\.vscode\extensions\redhat.java-1.44.0-win32-x64\server\plugins\org.eclipse.equinox.launcher_1.7.0.v20250519-0528.jar
Launcher Type: SUN_STANDARD

[Global flags]
    uintx AdaptiveSizePolicyWeight                 = 90                                        {product} {command line}
     intx CICompilerCount                          = 4                                         {product} {ergonomic}
    uintx GCTimeRatio                              = 4                                         {product} {command line}
     bool HeapDumpOnOutOfMemoryError               = true                                   {manageable} {command line}
    ccstr HeapDumpPath                             = c:\Users\Admin\AppData\Roaming\Code\User\workspaceStorage\2a9bd6179ab8c5fddaa8ae2493f73e8a\redhat.java         {manageable} {command line}
   size_t InitialHeapSize                          = 104857600                                 {product} {command line}
   size_t MaxHeapSize                              = 2147483648                                {product} {command line}
   size_t MaxNewSize                               = 715653120                                 {product} {ergonomic}
   size_t MinHeapDeltaBytes                        = 524288                                    {product} {ergonomic}
   size_t MinHeapSize                              = 104857600                                 {product} {command line}
   size_t NewSize                                  = 34603008                                  {product} {ergonomic}
    uintx NonNMethodCodeHeapSize                   = 5839372                                {pd product} {ergonomic}
    uintx NonProfiledCodeHeapSize                  = 122909434                              {pd product} {ergonomic}
   size_t OldSize                                  = 70254592                                  {product} {ergonomic}
    uintx ProfiledCodeHeapSize                     = 122909434                              {pd product} {ergonomic}
    uintx ReservedCodeCacheSize                    = 251658240                              {pd product} {ergonomic}
     bool SegmentedCodeCache                       = true                                      {product} {ergonomic}
   size_t SoftMaxHeapSize                          = 2147483648                             {manageable} {ergonomic}
     bool UseCompressedOops                        = true                           {product lp64_product} {ergonomic}
     bool UseLargePagesIndividualAllocation        = false                                  {pd product} {ergonomic}
     bool UseParallelGC                            = true                                      {product} {command line}

Logging:
Log output configuration:
 #0: stdout all=off uptime,level,tags foldmultilines=false
 #1: stderr all=off uptime,level,tags foldmultilines=false

Environment Variables:
JAVA_HOME=C:\Program Files\Java\jdk-21
PATH=C:\Python313\Scripts\;C:\Python313\;C:\Python312\Scripts\;C:\Python312\;C:\Program Files\Common Files\Oracle\Java\javapath;C:\WINDOWS\system32;C:\WINDOWS;C:\WINDOWS\System32\Wbem;C:\WINDOWS\System32\WindowsPowerShell\v1.0\;C:\WINDOWS\System32\OpenSSH\;C:\Program Files\Intel\WiFi\bin\;C:\Program Files\Common Files\Intel\WirelessCommon\;C:\Program Files\Microsoft SQL Server\Client SDK\ODBC\170\Tools\Binn\;C:\Program Files (x86)\Microsoft SQL Server\150\Tools\Binn\;C:\Program Files\Microsoft SQL Server\150\Tools\Binn\;C:\Program Files\Microsoft SQL Server\150\DTS\Binn\;C:\Program Files\dotnet\;C:\Program Files (x86)\Microsoft SQL Server\160\DTS\Binn\;C:\Program Files\Azure Data Studio\bin;C:\MinGW\bin;C:\Program Files\Git\cmd;C:\Program Files\Java\jdk-22\bin;C:\Program Files\nodejs;C:\Program Files\Java\jdk-21\bin;C:\ProgramData\chocolatey\bin;C:\Program Files\MongoDB\Server\8.0\bin;C:\Program Files\nodejs\;C:\Windows\Microsoft.NET\Framework\v4.0.30319;C:\Users\Admin\Downloads\Scripts\;C:\Users\Admin\Downloads\;C:\Users\Admin\AppData\Local\Microsoft\WindowsApps;C:\Program Files\Azure Data Studio\bin;C:\MinGW\bin;C:\Users\Admin\AppData\Local\Programs\Microsoft VS Code\bin;C:\Program Files\Java\jdk-21\bin;C:\Program Files\mongosh\;C:\Users\Admin\AppData\Local\nvm;C:\nvm4w\nodejs;C:\Users\Admin\AppData\Roaming\npm;C:\Users\Admin\AppData\Roaming\Python\Python313\Scripts;C:\Windows\Microsoft.NET\Framework\v4.0.30319;C:\Users\Admin\.dotnet\tools
USERNAME=Admin
OS=Windows_NT
PROCESSOR_IDENTIFIER=Intel64 Family 6 Model 142 Stepping 10, GenuineIntel
TMP=C:\Users\Admin\AppData\Local\Temp
TEMP=C:\Users\Admin\AppData\Local\Temp




Periodic native trim disabled

---------------  S Y S T E M  ---------------

OS:
 Windows 11 , 64 bit Build 26100 (10.0.26100.4768)
OS uptime: 7 days 5:54 hours
Hyper-V role detected

CPU: total 8 (initial active 8) (4 cores per cpu, 2 threads per core) family 6 model 142 stepping 10 microcode 0xe0, cx8, cmov, fxsr, ht, mmx, 3dnowpref, sse, sse2, sse3, ssse3, sse4.1, sse4.2, popcnt, lzcnt, tsc, tscinvbit, avx, avx2, aes, erms, clmul, bmi1, bmi2, adx, fma, vzeroupper, clflush, clflushopt, hv, rdtscp, f16c
Processor Information for the first 8 processors :
  Max Mhz: 1801, Current Mhz: 400, Mhz Limit: 396

Memory: 4k page, system-wide physical 16243M (498M free)
TotalPageFile size 42483M (AvailPageFile size 1M)
current process WorkingSet (physical memory assigned to process): 11M, peak: 1538M
current process commit charge ("private bytes"): 880M, peak: 1750M

vm_info: OpenJDK 64-Bit Server VM (21.0.8+9-LTS) for windows-amd64 JRE (21.0.8+9-LTS), built on 2025-07-15T00:00:00Z by "admin" with MS VC++ 17.7 (VS2022)

END.
